<?xml version="1.0" encoding="UTF-8"?>
<robot generator="Robot 3.1.2 (Python 3.7.4 on win32)" generated="20190816 10:06:13.000" rpa="false">
<suite id="s1" name="RoboTraining" source="C:\Users\sanumolu\Documents\github\RoboRepo\RoboTraining">
<suite id="s1-s1" name="Scripts" source="C:\Users\sanumolu\Documents\github\RoboRepo\RoboTraining\Scripts">
<suite id="s1-s1-s1" name="Helloworld" source="C:\Users\sanumolu\Documents\github\RoboRepo\RoboTraining\Scripts\Helloworld.robot">
<test id="s1-s1-s1-t1" name="Test1">
<kw name="Hello World">
<kw name="Log" library="BuiltIn">
<doc>Logs the given message with the given level.</doc>
<arguments>
<arg>"Hello World!"</arg>
</arguments>
<msg timestamp="20190816 10:06:13.780" level="INFO">"Hello World!"</msg>
<status status="PASS" starttime="20190816 10:06:13.780" endtime="20190816 10:06:13.780"></status>
</kw>
<kw name="Log" library="BuiltIn">
<doc>Logs the given message with the given level.</doc>
<arguments>
<arg>${file}</arg>
</arguments>
<msg timestamp="20190816 10:06:13.781" level="INFO">/Users/sanumolu/Documents/github/RoboRepo/RoboTraining/Results/Consolidated Patch Testing Results 13Jul2019.xlsx</msg>
<status status="PASS" starttime="20190816 10:06:13.781" endtime="20190816 10:06:13.781"></status>
</kw>
<kw name="Get Xl Cell Values" library="XLLibrary">
<arguments>
<arg>${file}</arg>
<arg>${sheetname}</arg>
<arg>${row}</arg>
<arg>${column}</arg>
</arguments>
<assign>
<var>${getxlvalues}</var>
</assign>
<msg timestamp="20190816 10:06:13.832" level="INFO">ID
Title
Test Data
Status
Comments
None
None
None
None
None
None
None
None
None
None
None
None
None
None
None
None
None
None
None
None
C375042
KB Search functionality
4540769
PASS
None
None
None
None
None
None
None
None
None
None
None
None
None
None
None
None
None
None
None
None
None
C375043
F9 Functionality
4540769
PASS
None
None
None
None
None
None
None
None
None
None
None
None
None
None
None
None
None
None
None
None
None
C375044
Email Notification validation- Create SR
4540769
PASS
None
None
None
None
None
None
None
None
None
None
None
None
None
None
None
None
None
None
None
None
None
C375045
Email Notification Validation - Create Call Outbound  Activity
4540769
PASS
None
None
None
None
None
None
None
None
None
None
None
None
None
None
None
None
None
None
None
None
None
C375046
Email Notification Validation - Create Email Inbound Activity
4540769
PASS
None
None
None
None
None
None
None
None
None
None
None
None
None
None
None
None
None
None
None
None
None
C375047
Add Cloud Attachment File
4540769
PASS
None
None
None
None
None
None
None
None
None
None
None
None
None
None
None
None
None
None
None
None
None
C375048
Rnd Collab Request Creation
4540769-1
PASS
None
None
None
None
None
None
None
None
None
None
None
None
None
None
None
None
None
None
None
None
None
C375049
Support Collaboration Request Creation
4540769-2
PASS
None
None
None
None
None
None
None
None
None
None
None
None
None
None
None
None
None
None
None
None
None
C375050
Validate field values for Support Collaboration Request . Update Support Collaboration Request Product, Product version, Sub Product  and Module
4540769-2
PASS
None
None
None
None
None
None
None
None
None
None
None
None
None
None
None
None
None
None
None
None
None
C375051
License Service Request Creation ( Phone)
4540767
PASS
None
None
None
None
None
None
None
None
None
None
None
None
None
None
None
None
None
None
None
None
None
C375052
License Service Request Creation ( Email) [Sub Type = LSO]
4540762
PASS
None
None
None
None
None
None
None
None
None
None
None
None
None
None
None
None
None
None
None
None
None
C375053
License SR - Inbound Email - Expedite License Key [Sub-Type=License]
4540764
PASS
None
None
None
None
None
None
None
None
None
None
None
None
None
None
None
None
None
None
None
None
None
C375054
License SR - Inbound Email - Expedite License Key [Sub-Type=OLP]
4540761
PASS
None
None
None
None
None
None
None
None
None
None
None
None
None
None
None
None
None
None
None
None
None
C375055
Admin Service Request Creation ( Phone)
4540765
PASS
None
None
None
None
None
None
None
None
None
None
None
None
None
None
None
None
None
None
None
None
None
C375056
Admin Service Request Creation ( Email)
4540760
PASS
None
None
None
None
None
None
None
None
None
None
None
None
None
None
None
None
None
None
None
None
None
C375057
Create New SR from Support portal and verify the same in Siebel.
4540769
PASS
None
None
None
None
None
None
None
None
None
None
None
None
None
None
None
None
None
None
None
None
None
C375058
Create SR from Support Portal with Attachment and validated in Siebel.
4540769
PASS
None
None
None
None
None
None
None
None
None
None
None
None
None
None
None
None
None
None
None
None
None
C375059
Support Portal - Update SR from Support Portal with Note.
4540769
PASS
None
None
None
None
None
None
None
None
None
None
None
None
None
None
None
None
None
None
None
None
None
C375060
Support_Portal- Close the SR from portal and Validate Status in siebel.
4540769
PASS
None
None
None
None
None
None
None
None
None
None
None
None
None
None
None
None
None
None
None
None
None
C375061
Support Portal- Reopen SR from portal and validate Status in Siebel.
4540769
PASS
None
None
None
None
None
None
None
None
None
None
None
None
None
None
None
None
None
None
None
None
None
C375062
Add Cloud Attachment File and verify in Portal it is displayed for Public  flag is set to True
4540769
PASS
None
None
None
None
None
None
None
None
None
None
None
None
None
None
None
None
None
None
None
None
None
C375063
Send Email to Quest Support i.e. support@quest.com with no SR Number reference in the Subject Line, then verify Acknowledgement email received with "Quest Support Email Received with No Reference to a Service Request Number"
None
PASS
None
None
None
None
None
None
None
None
None
None
None
None
None
None
None
None
None
None
None
None
None
C375064
Support - Incoming email for existing SR # - Sent to support@quest.com
4540769
PASS
None
None
None
None
None
None
None
None
None
None
None
None
None
None
None
None
None
None
None
None
None
None
None
None
None
None
None
None
None
None
None
None
None
None
None
None
None
None
None
None
None
None
None
None
None
None
None
None
None
None
None
None
None
None
None
None
None
None
None
None
None
None
None
None
None
None
None
None
None
None
None
None
None
None
None
None
None
None
None
None
None
None
None
None
None
None
None
None
None
None
None
None
None
None
None
None
None
None
None
None
None
None
None
None
None
None
None
None
None
None
None
None
None
None
None
None
None
None
None
None
None
None
None
None
None
None
None
None
None
None
None
None
None
None
None
None
None
None
None
None
None
None
None
None
None
None
None
None
None
None
None
None
None
None
None
None
None
None
None
None
None
None
None
None
None
None
None
None
None
None
None</msg>
<msg timestamp="20190816 10:06:13.833" level="INFO">${getxlvalues} = ['ID', 'Title', 'Test Data', 'Status', 'Comments', None, None, None, None, None, None, None, None, None, None, None, None, None, None, None, None, None, None, None, None, 'C375042', 'KB Search functio...</msg>
<status status="PASS" starttime="20190816 10:06:13.782" endtime="20190816 10:06:13.833"></status>
</kw>
<kw name="Log" library="BuiltIn">
<doc>Logs the given message with the given level.</doc>
<arguments>
<arg>${getxlvalues}</arg>
</arguments>
<msg timestamp="20190816 10:06:13.834" level="INFO">['ID', 'Title', 'Test Data', 'Status', 'Comments', None, None, None, None, None, None, None, None, None, None, None, None, None, None, None, None, None, None, None, None, 'C375042', 'KB Search functionality', 4540769, 'PASS', None, None, None, None, None, None, None, None, None, None, None, None, None, None, None, None, None, None, None, None, None, 'C375043', 'F9 Functionality', 4540769, 'PASS', None, None, None, None, None, None, None, None, None, None, None, None, None, None, None, None, None, None, None, None, None, 'C375044', 'Email Notification validation- Create SR', 4540769, 'PASS', None, None, None, None, None, None, None, None, None, None, None, None, None, None, None, None, None, None, None, None, None, 'C375045', 'Email Notification Validation - Create Call Outbound  Activity', 4540769, 'PASS', None, None, None, None, None, None, None, None, None, None, None, None, None, None, None, None, None, None, None, None, None, 'C375046', 'Email Notification Validation - Create Email Inbound Activity', 4540769, 'PASS', None, None, None, None, None, None, None, None, None, None, None, None, None, None, None, None, None, None, None, None, None, 'C375047', 'Add Cloud Attachment File', 4540769, 'PASS', None, None, None, None, None, None, None, None, None, None, None, None, None, None, None, None, None, None, None, None, None, 'C375048', 'Rnd Collab Request Creation', '4540769-1', 'PASS', None, None, None, None, None, None, None, None, None, None, None, None, None, None, None, None, None, None, None, None, None, 'C375049', 'Support Collaboration Request Creation', '4540769-2', 'PASS', None, None, None, None, None, None, None, None, None, None, None, None, None, None, None, None, None, None, None, None, None, 'C375050', 'Validate field values for Support Collaboration Request . Update Support Collaboration Request Product, Product version, Sub Product  and Module', '4540769-2', 'PASS', None, None, None, None, None, None, None, None, None, None, None, None, None, None, None, None, None, None, None, None, None, 'C375051', 'License Service Request Creation ( Phone)', 4540767, 'PASS', None, None, None, None, None, None, None, None, None, None, None, None, None, None, None, None, None, None, None, None, None, 'C375052', 'License Service Request Creation ( Email) [Sub Type = LSO]', 4540762, 'PASS', None, None, None, None, None, None, None, None, None, None, None, None, None, None, None, None, None, None, None, None, None, 'C375053', 'License SR - Inbound Email - Expedite License Key [Sub-Type=License]', 4540764, 'PASS', None, None, None, None, None, None, None, None, None, None, None, None, None, None, None, None, None, None, None, None, None, 'C375054', 'License SR - Inbound Email - Expedite License Key [Sub-Type=OLP]', 4540761, 'PASS', None, None, None, None, None, None, None, None, None, None, None, None, None, None, None, None, None, None, None, None, None, 'C375055', 'Admin Service Request Creation ( Phone)', 4540765, 'PASS', None, None, None, None, None, None, None, None, None, None, None, None, None, None, None, None, None, None, None, None, None, 'C375056', 'Admin Service Request Creation ( Email)', 4540760, 'PASS', None, None, None, None, None, None, None, None, None, None, None, None, None, None, None, None, None, None, None, None, None, 'C375057', 'Create New SR from Support portal and verify the same in Siebel.', 4540769, 'PASS', None, None, None, None, None, None, None, None, None, None, None, None, None, None, None, None, None, None, None, None, None, 'C375058', 'Create SR from Support Portal with Attachment and validated in Siebel.', 4540769, 'PASS', None, None, None, None, None, None, None, None, None, None, None, None, None, None, None, None, None, None, None, None, None, 'C375059', 'Support Portal - Update SR from Support Portal with Note.', 4540769, 'PASS', None, None, None, None, None, None, None, None, None, None, None, None, None, None, None, None, None, None, None, None, None, 'C375060', 'Support_Portal- Close the SR from portal and Validate Status in siebel.', 4540769, 'PASS', None, None, None, None, None, None, None, None, None, None, None, None, None, None, None, None, None, None, None, None, None, 'C375061', 'Support Portal- Reopen SR from portal and validate Status in Siebel.', 4540769, 'PASS', None, None, None, None, None, None, None, None, None, None, None, None, None, None, None, None, None, None, None, None, None, 'C375062', 'Add Cloud Attachment File and verify in Portal it is displayed for Public  flag is set to True', 4540769, 'PASS', None, None, None, None, None, None, None, None, None, None, None, None, None, None, None, None, None, None, None, None, None, 'C375063', 'Send Email to Quest Support i.e. support@quest.com with no SR Number reference in the Subject Line, then verify Acknowledgement email received with "Quest Support Email Received with No Reference to a Service Request Number"', None, 'PASS', None, None, None, None, None, None, None, None, None, None, None, None, None, None, None, None, None, None, None, None, None, 'C375064', 'Support - Incoming email for existing SR # - Sent to support@quest.com', 4540769, 'PASS', None, None, None, None, None, None, None, None, None, None, None, None, None, None, None, None, None, None, None, None, None, None, None, None, None, None, None, None, None, None, None, None, None, None, None, None, None, None, None, None, None, None, None, None, None, None, None, None, None, None, None, None, None, None, None, None, None, None, None, None, None, None, None, None, None, None, None, None, None, None, None, None, None, None, None, None, None, None, None, None, None, None, None, None, None, None, None, None, None, None, None, None, None, None, None, None, None, None, None, None, None, None, None, None, None, None, None, None, None, None, None, None, None, None, None, None, None, None, None, None, None, None, None, None, None, None, None, None, None, None, None, None, None, None, None, None, None, None, None, None, None, None, None, None, None, None, None, None, None, None, None, None, None, None, None, None, None, None, None, None, None, None, None, None, None, None, None, None, None, None, None]</msg>
<status status="PASS" starttime="20190816 10:06:13.833" endtime="20190816 10:06:13.834"></status>
</kw>
<kw name="Convert To Integer" library="BuiltIn">
<doc>Converts the given item to an integer number.</doc>
<arguments>
<arg>${row}</arg>
</arguments>
<assign>
<var>${row}</var>
</assign>
<msg timestamp="20190816 10:06:13.835" level="INFO">${row} = 2</msg>
<status status="PASS" starttime="20190816 10:06:13.835" endtime="20190816 10:06:13.836"></status>
</kw>
<kw name="Get Xl Cell Value" library="XLLibrary">
<arguments>
<arg>${file}</arg>
<arg>${sheetname}</arg>
<arg>${row}</arg>
<arg>${column}</arg>
</arguments>
<assign>
<var>${getcellvalue}</var>
</assign>
<msg timestamp="20190816 10:06:13.879" level="INFO">Error : '&lt;' not supported between instances of 'str' and 'int' ; raised while executing the function  get_xl_cell_value</msg>
<msg timestamp="20190816 10:06:13.879" level="INFO">${getcellvalue} = None</msg>
<status status="PASS" starttime="20190816 10:06:13.836" endtime="20190816 10:06:13.880"></status>
</kw>
<kw name="Log" library="BuiltIn">
<doc>Logs the given message with the given level.</doc>
<arguments>
<arg>${getcellvalue}</arg>
</arguments>
<msg timestamp="20190816 10:06:13.881" level="INFO">None</msg>
<status status="PASS" starttime="20190816 10:06:13.880" endtime="20190816 10:06:13.881"></status>
</kw>
<kw name="Get Xl Cell Value Using Column Header" library="XLLibrary">
<arguments>
<arg>${file}</arg>
<arg>${sheetname}</arg>
<arg>${row}</arg>
<arg>ID</arg>
</arguments>
<assign>
<var>${getcellvalue1}</var>
</assign>
<msg timestamp="20190816 10:06:13.973" level="INFO">max column is 26
The Column is : 1
column value is0</msg>
<msg timestamp="20190816 10:06:13.974" level="INFO">${getcellvalue1} = C375042</msg>
<status status="PASS" starttime="20190816 10:06:13.882" endtime="20190816 10:06:13.974"></status>
</kw>
<kw name="Log" library="BuiltIn">
<doc>Logs the given message with the given level.</doc>
<arguments>
<arg>${getcellvalue1}</arg>
</arguments>
<msg timestamp="20190816 10:06:13.975" level="INFO">C375042</msg>
<status status="PASS" starttime="20190816 10:06:13.975" endtime="20190816 10:06:13.975"></status>
</kw>
<status status="PASS" starttime="20190816 10:06:13.779" endtime="20190816 10:06:13.976"></status>
</kw>
<status status="PASS" starttime="20190816 10:06:13.778" endtime="20190816 10:06:13.976" critical="yes"></status>
</test>
<status status="PASS" starttime="20190816 10:06:13.103" endtime="20190816 10:06:13.978"></status>
</suite>
<status status="PASS" starttime="20190816 10:06:13.100" endtime="20190816 10:06:13.979"></status>
</suite>
<status status="PASS" starttime="20190816 10:06:13.062" endtime="20190816 10:06:13.981"></status>
</suite>
<statistics>
<total>
<stat pass="1" fail="0">Critical Tests</stat>
<stat pass="1" fail="0">All Tests</stat>
</total>
<tag>
</tag>
<suite>
<stat pass="1" fail="0" id="s1" name="RoboTraining">RoboTraining</stat>
<stat pass="1" fail="0" id="s1-s1" name="Scripts">RoboTraining.Scripts</stat>
<stat pass="1" fail="0" id="s1-s1-s1" name="Helloworld">RoboTraining.Scripts.Helloworld</stat>
</suite>
</statistics>
<errors>
</errors>
</robot>
